2016/03/07 20:59:13 [error] [exception.CException] exception 'CException' with message 'Property "Tracks.0" is not defined.' in C:\xampp\htdocs\music\framework\base\CComponent.php:130
Stack trace:
#0 C:\xampp\htdocs\music\framework\db\ar\CActiveRecord.php(145): CComponent->__get('0')
#1 C:\xampp\htdocs\music\framework\base\CModel.php(596): CActiveRecord->__get('0')
#2 C:\xampp\htdocs\music\protected\modules\admin\views\albums\_track.php(35): CModel->offsetGet(0)
#3 C:\xampp\htdocs\music\framework\web\CBaseController.php(126): require('C:\\xampp\\htdocs...')
#4 C:\xampp\htdocs\music\framework\web\CBaseController.php(95): CBaseController->renderInternal('C:\\xampp\\htdocs...', Array, true)
#5 C:\xampp\htdocs\music\framework\web\CController.php(869): CBaseController->renderFile('C:\\xampp\\htdocs...', Array, true)
#6 C:\xampp\htdocs\music\protected\modules\admin\views\albums\add-track.php(20): CController->renderPartial('_track', Array)
#7 C:\xampp\htdocs\music\framework\web\CBaseController.php(126): require('C:\\xampp\\htdocs...')
#8 C:\xampp\htdocs\music\framework\web\CBaseController.php(95): CBaseController->renderInternal('C:\\xampp\\htdocs...', Array, true)
#9 C:\xampp\htdocs\music\framework\web\CController.php(869): CBaseController->renderFile('C:\\xampp\\htdocs...', Array, true)
#10 C:\xampp\htdocs\music\framework\web\CController.php(782): CController->renderPartial('add-track', Array, true)
#11 C:\xampp\htdocs\music\protected\modules\admin\controllers\AlbumsController.php(130): CController->render('add-track', Array)
#12 [internal function]: AlbumsController->actionAddtrack('bd30fd8b-5b78-e...')
#13 C:\xampp\htdocs\music\framework\web\actions\CAction.php(109): ReflectionMethod->invokeArgs(Object(AlbumsController), Array)
#14 C:\xampp\htdocs\music\framework\web\actions\CInlineAction.php(47): CAction->runWithParamsInternal(Object(AlbumsController), Object(ReflectionMethod), Array)
#15 C:\xampp\htdocs\music\framework\web\CController.php(308): CInlineAction->runWithParams(Array)
#16 C:\xampp\htdocs\music\framework\web\filters\CFilterChain.php(133): CController->runAction(Object(CInlineAction))
#17 C:\xampp\htdocs\music\framework\web\filters\CFilter.php(40): CFilterChain->run()
#18 C:\xampp\htdocs\music\framework\web\CController.php(1145): CFilter->filter(Object(CFilterChain))
#19 C:\xampp\htdocs\music\framework\web\filters\CInlineFilter.php(58): CController->filterAccessControl(Object(CFilterChain))
#20 C:\xampp\htdocs\music\framework\web\filters\CFilterChain.php(130): CInlineFilter->filter(Object(CFilterChain))
#21 C:\xampp\htdocs\music\framework\web\CController.php(291): CFilterChain->run()
#22 C:\xampp\htdocs\music\framework\web\CController.php(265): CController->runActionWithFilters(Object(CInlineAction), Array)
#23 C:\xampp\htdocs\music\framework\web\CWebApplication.php(282): CController->run('addtrack')
#24 C:\xampp\htdocs\music\framework\web\CWebApplication.php(141): CWebApplication->runController('admin/albums/ad...')
#25 C:\xampp\htdocs\music\framework\base\CApplication.php(184): CWebApplication->processRequest()
#26 C:\xampp\htdocs\music\index.php(13): CApplication->run()
#27 {main}
REQUEST_URI=/music/admin/albums/addtrack?album=bd30fd8b-5b78-e2e7-a472-56dc8f45928e
---
2016/03/07 21:19:45 [error] [exception.CException] exception 'CException' with message 'Property "Albums.album" is not defined.' in C:\xampp\htdocs\music\framework\base\CComponent.php:130
Stack trace:
#0 C:\xampp\htdocs\music\framework\db\ar\CActiveRecord.php(145): CComponent->__get('album')
#1 C:\xampp\htdocs\music\protected\modules\admin\controllers\AlbumsController.php(238): CActiveRecord->__get('album')
#2 [internal function]: AlbumsController->gridAddTrack(Object(Albums), 0, Object(CDataColumn))
#3 C:\xampp\htdocs\music\framework\base\CComponent.php(617): call_user_func_array(Array, Array)
#4 C:\xampp\htdocs\music\framework\zii\widgets\grid\CDataColumn.php(142): CComponent->evaluateExpression(Array, Array)
#5 C:\xampp\htdocs\music\framework\zii\widgets\grid\CGridColumn.php(231): CDataColumn->getDataCellContent(0)
#6 C:\xampp\htdocs\music\framework\zii\widgets\grid\CGridColumn.php(154): CGridColumn->renderDataCellContent(0, Object(Albums))
#7 C:\xampp\htdocs\music\framework\zii\widgets\grid\CGridView.php(638): CGridColumn->renderDataCell(0)
#8 C:\xampp\htdocs\music\framework\zii\widgets\grid\CGridView.php(622): CGridView->renderDataCell(Object(CDataColumn), 0)
#9 C:\xampp\htdocs\music\framework\zii\widgets\grid\CGridView.php(578): CGridView->renderTableRow(0)
#10 C:\xampp\htdocs\music\framework\zii\widgets\grid\CGridView.php(488): CGridView->renderTableBody()
#11 C:\xampp\htdocs\music\framework\zii\widgets\CBaseListView.php(181): CGridView->renderItems()
#12 [internal function]: CBaseListView->renderSection(Array)
#13 C:\xampp\htdocs\music\framework\zii\widgets\CBaseListView.php(164): preg_replace_callback('/{(\\w+)}/', Array, '{summary}\n{item...')
#14 C:\xampp\htdocs\music\framework\zii\widgets\CBaseListView.php(149): CBaseListView->renderContent()
#15 C:\xampp\htdocs\music\framework\web\CBaseController.php(181): CBaseListView->run()
#16 C:\xampp\htdocs\music\protected\modules\admin\views\albums\admin.php(70): CBaseController->widget('zii.widgets.gri...', Array)
#17 C:\xampp\htdocs\music\framework\web\CBaseController.php(126): require('C:\\xampp\\htdocs...')
#18 C:\xampp\htdocs\music\framework\web\CBaseController.php(95): CBaseController->renderInternal('C:\\xampp\\htdocs...', Array, true)
#19 C:\xampp\htdocs\music\framework\web\CController.php(869): CBaseController->renderFile('C:\\xampp\\htdocs...', Array, true)
#20 C:\xampp\htdocs\music\framework\web\CController.php(782): CController->renderPartial('admin', Array, true)
#21 C:\xampp\htdocs\music\protected\modules\admin\controllers\AlbumsController.php(205): CController->render('admin', Array)
#22 C:\xampp\htdocs\music\framework\web\actions\CInlineAction.php(49): AlbumsController->actionManage()
#23 C:\xampp\htdocs\music\framework\web\CController.php(308): CInlineAction->runWithParams(Array)
#24 C:\xampp\htdocs\music\framework\web\filters\CFilterChain.php(133): CController->runAction(Object(CInlineAction))
#25 C:\xampp\htdocs\music\framework\web\filters\CFilter.php(40): CFilterChain->run()
#26 C:\xampp\htdocs\music\framework\web\CController.php(1145): CFilter->filter(Object(CFilterChain))
#27 C:\xampp\htdocs\music\framework\web\filters\CInlineFilter.php(58): CController->filterAccessControl(Object(CFilterChain))
#28 C:\xampp\htdocs\music\framework\web\filters\CFilterChain.php(130): CInlineFilter->filter(Object(CFilterChain))
#29 C:\xampp\htdocs\music\framework\web\CController.php(291): CFilterChain->run()
#30 C:\xampp\htdocs\music\framework\web\CController.php(265): CController->runActionWithFilters(Object(CInlineAction), Array)
#31 C:\xampp\htdocs\music\framework\web\CWebApplication.php(282): CController->run('manage')
#32 C:\xampp\htdocs\music\framework\web\CWebApplication.php(141): CWebApplication->runController('admin/albums/ma...')
#33 C:\xampp\htdocs\music\framework\base\CApplication.php(184): CWebApplication->processRequest()
#34 C:\xampp\htdocs\music\index.php(13): CApplication->run()
#35 {main}
REQUEST_URI=/music/index.php/admin/albums/manage
HTTP_REFERER=http://localhost/music/admin/albums/addtrack?album=bd30fd8b-5b78-e2e7-a472-56dc8f45928e
---
